# JRE version: OpenJDK Runtime Environment Temurin-17.0.9+9 (17.0.9+9) (build 17.0.9+9)
# Java VM: OpenJDK 64-Bit Server VM Temurin-17.0.9+9 (17.0.9+9, mixed mode, emulated-client, tiered, compressed oops, compressed class ptrs, g1 gc, windows-amd64)
GC Precious Log:
 CPUs: 4 total, 4 available
 Memory: 6086M
 Large Page Support: Disabled
 NUMA Support: Disabled
 Compressed Oops: Enabled (32-bit)
 Heap Region Size: 1M
 Heap Min Capacity: 8M
 Heap Initial Capacity: 96M
 Heap Max Capacity: 1522M
 Pre-touch: Disabled
 Parallel Workers: 4
 Concurrent Workers: 1
 Concurrent Refinement Workers: 4
 Periodic GC: Disabled
Heap:
 garbage-first heap   total 78848K, used 51485K [0x00000000a0e00000, 0x0000000100000000)
  region size 1024K, 25 young (25600K), 3 survivors (3072K)
 Metaspace       used 81102K, committed 81792K, reserved 1179648K
  class space    used 10890K, committed 11200K, reserved 1048576K
GC Heap History (20 events):
Event: 1016.226 GC heap before
{Heap before GC invocations=36 (full 5):
 garbage-first heap   total 78848K, used 59815K [0x00000000a0e00000, 0x0000000100000000)
  region size 1024K, 33 young (33792K), 0 survivors (0K)
 Metaspace       used 80779K, committed 81408K, reserved 1179648K
  class space    used 10844K, committed 11136K, reserved 1048576K
}
Event: 1016.232 GC heap after
{Heap after GC invocations=37 (full 5):
 garbage-first heap   total 78848K, used 30049K [0x00000000a0e00000, 0x0000000100000000)
  region size 1024K, 3 young (3072K), 3 survivors (3072K)
 Metaspace       used 80779K, committed 81408K, reserved 1179648K
  class space    used 10844K, committed 11136K, reserved 1048576K
}
Event: 1016.784 GC heap before
{Heap before GC invocations=37 (full 5):
 garbage-first heap   total 78848K, used 60769K [0x00000000a0e00000, 0x0000000100000000)
  region size 1024K, 33 young (33792K), 3 survivors (3072K)
 Metaspace       used 81077K, committed 81664K, reserved 1179648K
  class space    used 10867K, committed 11136K, reserved 1048576K
}
Event: 1016.792 GC heap after
{Heap after GC invocations=38 (full 5):
 garbage-first heap   total 78848K, used 32280K [0x00000000a0e00000, 0x0000000100000000)
  region size 1024K, 3 young (3072K), 3 survivors (3072K)
 Metaspace       used 81077K, committed 81664K, reserved 1179648K
  class space    used 10867K, committed 11136K, reserved 1048576K
}
Event: 1167.039 GC heap before
{Heap before GC invocations=38 (full 5):
 garbage-first heap   total 78848K, used 56856K [0x00000000a0e00000, 0x0000000100000000)
  region size 1024K, 28 young (28672K), 3 survivors (3072K)
 Metaspace       used 81088K, committed 81664K, reserved 1179648K
  class space    used 10869K, committed 11136K, reserved 1048576K
}
Event: 1167.130 GC heap after
{Heap after GC invocations=39 (full 6):
 garbage-first heap   total 78848K, used 26407K [0x00000000a0e00000, 0x0000000100000000)
  region size 1024K, 0 young (0K), 0 survivors (0K)
 Metaspace       used 80700K, committed 81536K, reserved 1179648K
  class space    used 10837K, committed 11136K, reserved 1048576K
}
Event: 1167.761 GC heap before
{Heap before GC invocations=39 (full 6):
 garbage-first heap   total 78848K, used 61223K [0x00000000a0e00000, 0x0000000100000000)
  region size 1024K, 34 young (34816K), 0 survivors (0K)
 Metaspace       used 80814K, committed 81536K, reserved 1179648K
  class space    used 10851K, committed 11136K, reserved 1048576K
}
Event: 1167.780 GC heap after
{Heap after GC invocations=40 (full 6):
 garbage-first heap   total 78848K, used 29191K [0x00000000a0e00000, 0x0000000100000000)
  region size 1024K, 3 young (3072K), 3 survivors (3072K)
 Metaspace       used 80814K, committed 81536K, reserved 1179648K
  class space    used 10851K, committed 11136K, reserved 1048576K
}
Event: 1168.419 GC heap before
{Heap before GC invocations=40 (full 6):
 garbage-first heap   total 78848K, used 60935K [0x00000000a0e00000, 0x0000000100000000)
  region size 1024K, 34 young (34816K), 3 survivors (3072K)
 Metaspace       used 81090K, committed 81664K, reserved 1179648K
  class space    used 10871K, committed 11136K, reserved 1048576K
}
Event: 1168.430 GC heap after
{Heap after GC invocations=41 (full 6):
 garbage-first heap   total 78848K, used 31768K [0x00000000a0e00000, 0x0000000100000000)
  region size 1024K, 3 young (3072K), 3 survivors (3072K)
 Metaspace       used 81090K, committed 81664K, reserved 1179648K
  class space    used 10871K, committed 11136K, reserved 1048576K
}
Event: 1367.189 GC heap before
{Heap before GC invocations=41 (full 6):
 garbage-first heap   total 78848K, used 59416K [0x00000000a0e00000, 0x0000000100000000)
  region size 1024K, 31 young (31744K), 3 survivors (3072K)
 Metaspace       used 81104K, committed 81728K, reserved 1179648K
  class space    used 10874K, committed 11200K, reserved 1048576K
}
Event: 1367.284 GC heap after
{Heap after GC invocations=42 (full 7):
 garbage-first heap   total 78848K, used 27184K [0x00000000a0e00000, 0x0000000100000000)
  region size 1024K, 0 young (0K), 0 survivors (0K)
 Metaspace       used 80715K, committed 81664K, reserved 1179648K
  class space    used 10841K, committed 11200K, reserved 1048576K
}
Event: 1367.881 GC heap before
{Heap before GC invocations=42 (full 7):
 garbage-first heap   total 78848K, used 60976K [0x00000000a0e00000, 0x0000000100000000)
  region size 1024K, 33 young (33792K), 0 survivors (0K)
 Metaspace       used 80860K, committed 81664K, reserved 1179648K
  class space    used 10861K, committed 11200K, reserved 1048576K
}
Event: 1367.887 GC heap after
{Heap after GC invocations=43 (full 7):
 garbage-first heap   total 78848K, used 30121K [0x00000000a0e00000, 0x0000000100000000)
  region size 1024K, 3 young (3072K), 3 survivors (3072K)
 Metaspace       used 80860K, committed 81664K, reserved 1179648K
  class space    used 10861K, committed 11200K, reserved 1048576K
}
Event: 1368.459 GC heap before
{Heap before GC invocations=43 (full 7):
 garbage-first heap   total 78848K, used 61865K [0x00000000a0e00000, 0x0000000100000000)
  region size 1024K, 34 young (34816K), 3 survivors (3072K)
 Metaspace       used 81212K, committed 81856K, reserved 1179648K
  class space    used 10894K, committed 11200K, reserved 1048576K
}
Event: 1368.468 GC heap after
{Heap after GC invocations=44 (full 7):
 garbage-first heap   total 78848K, used 32517K [0x00000000a0e00000, 0x0000000100000000)
  region size 1024K, 3 young (3072K), 3 survivors (3072K)
 Metaspace       used 81212K, committed 81856K, reserved 1179648K
  class space    used 10894K, committed 11200K, reserved 1048576K
}
Event: 1528.417 GC heap before
{Heap before GC invocations=44 (full 7):
 garbage-first heap   total 78848K, used 60165K [0x00000000a0e00000, 0x0000000100000000)
  region size 1024K, 31 young (31744K), 3 survivors (3072K)
 Metaspace       used 81250K, committed 81856K, reserved 1179648K
  class space    used 10900K, committed 11200K, reserved 1048576K
}
Event: 1528.524 GC heap after
{Heap after GC invocations=45 (full 8):
 garbage-first heap   total 78848K, used 27059K [0x00000000a0e00000, 0x0000000100000000)
  region size 1024K, 0 young (0K), 0 survivors (0K)
 Metaspace       used 80850K, committed 81728K, reserved 1179648K
  class space    used 10863K, committed 11200K, reserved 1048576K
}
Event: 1529.139 GC heap before
{Heap before GC invocations=45 (full 8):
 garbage-first heap   total 78848K, used 59827K [0x00000000a0e00000, 0x0000000100000000)
  region size 1024K, 33 young (33792K), 0 survivors (0K)
 Metaspace       used 80961K, committed 81728K, reserved 1179648K
  class space    used 10876K, committed 11200K, reserved 1048576K
}
Event: 1529.145 GC heap after
{Heap after GC invocations=46 (full 8):
 garbage-first heap   total 78848K, used 29981K [0x00000000a0e00000, 0x0000000100000000)
  region size 1024K, 3 young (3072K), 3 survivors (3072K)
 Metaspace       used 80961K, committed 81728K, reserved 1179648K
  class space    used 10876K, committed 11200K, reserved 1048576K
}

