# JRE version: OpenJDK Runtime Environment Temurin-17.0.9+9 (17.0.9+9) (build 17.0.9+9)
# Java VM: OpenJDK 64-Bit Server VM Temurin-17.0.9+9 (17.0.9+9, mixed mode, emulated-client, tiered, compressed oops, compressed class ptrs, g1 gc, windows-amd64)
GC Precious Log:
 CPUs: 4 total, 4 available
 Memory: 6086M
 Large Page Support: Disabled
 NUMA Support: Disabled
 Compressed Oops: Enabled (32-bit)
 Heap Region Size: 1M
 Heap Min Capacity: 8M
 Heap Initial Capacity: 96M
 Heap Max Capacity: 1G
 Pre-touch: Disabled
 Parallel Workers: 4
 Concurrent Workers: 1
 Concurrent Refinement Workers: 4
 Periodic GC: Disabled
Heap:
 garbage-first heap   total 143360K, used 43427K [0x00000000c0000000, 0x0000000100000000)
  region size 1024K, 1 young (1024K), 0 survivors (0K)
 Metaspace       used 62486K, committed 62976K, reserved 1114112K
  class space    used 7569K, committed 7808K, reserved 1048576K
GC Heap History (20 events):
Event: 36314.077 GC heap before
{Heap before GC invocations=2396 (full 2233):
 garbage-first heap   total 143360K, used 43418K [0x00000000c0000000, 0x0000000100000000)
  region size 1024K, 1 young (1024K), 0 survivors (0K)
 Metaspace       used 62486K, committed 62976K, reserved 1114112K
  class space    used 7569K, committed 7808K, reserved 1048576K
}
Event: 36314.146 GC heap after
{Heap after GC invocations=2397 (full 2234):
 garbage-first heap   total 143360K, used 43418K [0x00000000c0000000, 0x0000000100000000)
  region size 1024K, 0 young (0K), 0 survivors (0K)
 Metaspace       used 62486K, committed 62976K, reserved 1114112K
  class space    used 7569K, committed 7808K, reserved 1048576K
}
Event: 36324.428 GC heap before
{Heap before GC invocations=2397 (full 2234):
 garbage-first heap   total 143360K, used 43418K [0x00000000c0000000, 0x0000000100000000)
  region size 1024K, 1 young (1024K), 0 survivors (0K)
 Metaspace       used 62486K, committed 62976K, reserved 1114112K
  class space    used 7569K, committed 7808K, reserved 1048576K
}
Event: 36324.493 GC heap after
{Heap after GC invocations=2398 (full 2235):
 garbage-first heap   total 143360K, used 43417K [0x00000000c0000000, 0x0000000100000000)
  region size 1024K, 0 young (0K), 0 survivors (0K)
 Metaspace       used 62486K, committed 62976K, reserved 1114112K
  class space    used 7569K, committed 7808K, reserved 1048576K
}
Event: 36334.764 GC heap before
{Heap before GC invocations=2398 (full 2235):
 garbage-first heap   total 143360K, used 43417K [0x00000000c0000000, 0x0000000100000000)
  region size 1024K, 1 young (1024K), 0 survivors (0K)
 Metaspace       used 62486K, committed 62976K, reserved 1114112K
  class space    used 7569K, committed 7808K, reserved 1048576K
}
Event: 36334.814 GC heap after
{Heap after GC invocations=2399 (full 2236):
 garbage-first heap   total 143360K, used 43417K [0x00000000c0000000, 0x0000000100000000)
  region size 1024K, 0 young (0K), 0 survivors (0K)
 Metaspace       used 62486K, committed 62976K, reserved 1114112K
  class space    used 7569K, committed 7808K, reserved 1048576K
}
Event: 36345.107 GC heap before
{Heap before GC invocations=2399 (full 2236):
 garbage-first heap   total 143360K, used 43417K [0x00000000c0000000, 0x0000000100000000)
  region size 1024K, 1 young (1024K), 0 survivors (0K)
 Metaspace       used 62486K, committed 62976K, reserved 1114112K
  class space    used 7569K, committed 7808K, reserved 1048576K
}
Event: 36345.174 GC heap after
{Heap after GC invocations=2400 (full 2237):
 garbage-first heap   total 143360K, used 43417K [0x00000000c0000000, 0x0000000100000000)
  region size 1024K, 0 young (0K), 0 survivors (0K)
 Metaspace       used 62486K, committed 62976K, reserved 1114112K
  class space    used 7569K, committed 7808K, reserved 1048576K
}
Event: 36355.441 GC heap before
{Heap before GC invocations=2400 (full 2237):
 garbage-first heap   total 143360K, used 43417K [0x00000000c0000000, 0x0000000100000000)
  region size 1024K, 1 young (1024K), 0 survivors (0K)
 Metaspace       used 62486K, committed 62976K, reserved 1114112K
  class space    used 7569K, committed 7808K, reserved 1048576K
}
Event: 36355.494 GC heap after
{Heap after GC invocations=2401 (full 2238):
 garbage-first heap   total 143360K, used 43417K [0x00000000c0000000, 0x0000000100000000)
  region size 1024K, 0 young (0K), 0 survivors (0K)
 Metaspace       used 62486K, committed 62976K, reserved 1114112K
  class space    used 7569K, committed 7808K, reserved 1048576K
}
Event: 36395.835 GC heap before
{Heap before GC invocations=2401 (full 2238):
 garbage-first heap   total 143360K, used 47513K [0x00000000c0000000, 0x0000000100000000)
  region size 1024K, 5 young (5120K), 0 survivors (0K)
 Metaspace       used 62486K, committed 62976K, reserved 1114112K
  class space    used 7569K, committed 7808K, reserved 1048576K
}
Event: 36395.906 GC heap after
{Heap after GC invocations=2402 (full 2239):
 garbage-first heap   total 143360K, used 43427K [0x00000000c0000000, 0x0000000100000000)
  region size 1024K, 0 young (0K), 0 survivors (0K)
 Metaspace       used 62486K, committed 62976K, reserved 1114112K
  class space    used 7569K, committed 7808K, reserved 1048576K
}
Event: 36406.214 GC heap before
{Heap before GC invocations=2402 (full 2239):
 garbage-first heap   total 143360K, used 43427K [0x00000000c0000000, 0x0000000100000000)
  region size 1024K, 1 young (1024K), 0 survivors (0K)
 Metaspace       used 62486K, committed 62976K, reserved 1114112K
  class space    used 7569K, committed 7808K, reserved 1048576K
}
Event: 36406.296 GC heap after
{Heap after GC invocations=2403 (full 2240):
 garbage-first heap   total 143360K, used 43427K [0x00000000c0000000, 0x0000000100000000)
  region size 1024K, 0 young (0K), 0 survivors (0K)
 Metaspace       used 62486K, committed 62976K, reserved 1114112K
  class space    used 7569K, committed 7808K, reserved 1048576K
}
Event: 36416.665 GC heap before
{Heap before GC invocations=2403 (full 2240):
 garbage-first heap   total 143360K, used 43427K [0x00000000c0000000, 0x0000000100000000)
  region size 1024K, 1 young (1024K), 0 survivors (0K)
 Metaspace       used 62486K, committed 62976K, reserved 1114112K
  class space    used 7569K, committed 7808K, reserved 1048576K
}
Event: 36416.732 GC heap after
{Heap after GC invocations=2404 (full 2241):
 garbage-first heap   total 143360K, used 43427K [0x00000000c0000000, 0x0000000100000000)
  region size 1024K, 0 young (0K), 0 survivors (0K)
 Metaspace       used 62486K, committed 62976K, reserved 1114112K
  class space    used 7569K, committed 7808K, reserved 1048576K
}
Event: 36457.061 GC heap before
{Heap before GC invocations=2404 (full 2241):
 garbage-first heap   total 143360K, used 47523K [0x00000000c0000000, 0x0000000100000000)
  region size 1024K, 5 young (5120K), 0 survivors (0K)
 Metaspace       used 62486K, committed 62976K, reserved 1114112K
  class space    used 7569K, committed 7808K, reserved 1048576K
}
Event: 36457.155 GC heap after
{Heap after GC invocations=2405 (full 2242):
 garbage-first heap   total 143360K, used 43427K [0x00000000c0000000, 0x0000000100000000)
  region size 1024K, 0 young (0K), 0 survivors (0K)
 Metaspace       used 62486K, committed 62976K, reserved 1114112K
  class space    used 7569K, committed 7808K, reserved 1048576K
}
Event: 36467.671 GC heap before
{Heap before GC invocations=2405 (full 2242):
 garbage-first heap   total 143360K, used 43427K [0x00000000c0000000, 0x0000000100000000)
  region size 1024K, 1 young (1024K), 0 survivors (0K)
 Metaspace       used 62486K, committed 62976K, reserved 1114112K
  class space    used 7569K, committed 7808K, reserved 1048576K
}
Event: 36467.742 GC heap after
{Heap after GC invocations=2406 (full 2243):
 garbage-first heap   total 143360K, used 43427K [0x00000000c0000000, 0x0000000100000000)
  region size 1024K, 0 young (0K), 0 survivors (0K)
 Metaspace       used 62486K, committed 62976K, reserved 1114112K
  class space    used 7569K, committed 7808K, reserved 1048576K
}

